2024-07-06 19:45:41,893 - INFO - Scrapping url: https://www.foxnews.com/politics/fauci-testifies-before-house
2024-07-06 19:45:41,917 - INFO - Scrapping url: https://www.foxnews.com/politics/trump-faces-backlash-to-talks-of-winding-down-coronavirus-task-force
2024-07-06 19:45:41,917 - INFO - Scrapping url: https://www.foxnews.com/politics/jill-biden-joe-biden-democratic-convention-speech
2024-07-06 19:45:41,917 - INFO - Scrapping url: https://www.foxnews.com/politics/cuomo-de-blasio-nyc-shelter-in-place
2024-07-06 19:45:41,918 - INFO - Scrapping url: https://www.foxnews.com/politics/trump-coronavirus-town-hall
2024-07-06 19:45:41,918 - INFO - Scrapping url: https://www.foxnews.com/politics/sen-tim-kaine-and-wife-test-positive-for-coronavirus-antibodies
2024-07-06 19:45:41,918 - INFO - Scrapping url: https://www.foxnews.com/politics/white-house-rose-garden-coronavirus-spread
2024-07-06 19:45:41,918 - INFO - Scrapping url: https://www.foxnews.com/politics/small-business-administration-expected-to-begin-taking-ppp-loan-applications-after-fund-replenished
2024-07-06 19:45:41,918 - INFO - Scrapping url: https://www.foxnews.com/politics/trump-jr-stump-perdue-this-weekend-pence-rallies-thursday-trump-team-answers-biden-event
2024-07-06 19:45:41,919 - INFO - Scrapping url: https://www.foxnews.com/politics/president-trump-discusses-bombshell-revelations-in-flynn-case-in-exclusive-interview-with-maria-bartiromo
2024-07-06 19:45:43,650 - DEBUG - Request: 1 for politics/fauci-testifies-before-house
2024-07-06 19:45:44,452 - DEBUG - Request took to long to respond. Trying again.. {'count': 10000, 'child_count': 1000, 'offset': 0, 'depth': 1000, 'sort_by': 'oldest'} {'User-Agent': '', 'x-spot-id': 'sp_ANQXRpqH', 'x-post-id': 'urn:uri:base64:7192f877-965c-5280-908d-932db1fec2f6'}
2024-07-06 19:45:45,097 - INFO - 'messages_count': 7631	'replies_count': 5374	'comments_count': 2257
2024-07-06 19:45:45,098 - DEBUG - Request: 2 for politics/fauci-testifies-before-house
2024-07-06 19:45:45,711 - DEBUG - Request: 1 for politics/small-business-administration-expected-to-begin-taking-ppp-loan-applications-after-fund-replenished
2024-07-06 19:45:45,717 - DEBUG - Request: 3 for politics/fauci-testifies-before-house
2024-07-06 19:45:46,001 - INFO - 'messages_count': 36	'replies_count': 21	'comments_count': 15
2024-07-06 19:45:46,066 - DEBUG - Users added: 25
2024-07-06 19:45:46,976 - INFO - Comments added: 40
2024-07-06 19:45:46,990 - INFO - Connection closed for politics/small-business-administration-expected-to-begin-taking-ppp-loan-applications-after-fund-replenished
2024-07-06 19:45:47,000 - DEBUG - Request took to long to respond. Trying again.. {'count': 10000, 'child_count': 1000, 'offset': 200, 'depth': 1000, 'sort_by': 'oldest'} {'User-Agent': '', 'x-spot-id': 'sp_ANQXRpqH', 'x-post-id': 'urn:uri:base64:7192f877-965c-5280-908d-932db1fec2f6'}
2024-07-06 19:45:47,728 - DEBUG - Request: 4 for politics/fauci-testifies-before-house
2024-07-06 19:45:48,269 - DEBUG - Request: 5 for politics/fauci-testifies-before-house
2024-07-06 19:45:48,838 - DEBUG - Request: 1 for politics/sen-tim-kaine-and-wife-test-positive-for-coronavirus-antibodies
2024-07-06 19:45:49,088 - DEBUG - Request: 6 for politics/fauci-testifies-before-house
2024-07-06 19:45:49,335 - DEBUG - Request: 1 for politics/trump-jr-stump-perdue-this-weekend-pence-rallies-thursday-trump-team-answers-biden-event
2024-07-06 19:45:49,385 - INFO - 'messages_count': 217	'replies_count': 69	'comments_count': 148
2024-07-06 19:45:49,385 - DEBUG - Request: 2 for politics/sen-tim-kaine-and-wife-test-positive-for-coronavirus-antibodies
2024-07-06 19:45:49,559 - DEBUG - Request: 7 for politics/fauci-testifies-before-house
2024-07-06 19:45:49,762 - DEBUG - Request: 3 for politics/sen-tim-kaine-and-wife-test-positive-for-coronavirus-antibodies
2024-07-06 19:45:49,983 - DEBUG - Users added: 171
2024-07-06 19:45:50,088 - INFO - Comments added: 224
2024-07-06 19:45:50,092 - INFO - Connection closed for politics/sen-tim-kaine-and-wife-test-positive-for-coronavirus-antibodies
2024-07-06 19:45:50,137 - DEBUG - Request took to long to respond. Trying again.. {'count': 10000, 'child_count': 1000, 'offset': 0, 'depth': 1000, 'sort_by': 'oldest'} {'User-Agent': '', 'x-spot-id': 'sp_ANQXRpqH', 'x-post-id': 'urn:uri:base64:b53d012b-0b5f-55e9-91e0-2f0fec18e236'}
2024-07-06 19:45:50,361 - DEBUG - Request took to long to respond. Trying again.. {'count': 10000, 'child_count': 1000, 'offset': 600, 'depth': 1000, 'sort_by': 'oldest'} {'User-Agent': '', 'x-spot-id': 'sp_ANQXRpqH', 'x-post-id': 'urn:uri:base64:7192f877-965c-5280-908d-932db1fec2f6'}
2024-07-06 19:45:50,801 - DEBUG - Request: 1 for politics/trump-faces-backlash-to-talks-of-winding-down-coronavirus-task-force
2024-07-06 19:45:50,822 - INFO - 'messages_count': 1243	'replies_count': 872	'comments_count': 371
2024-07-06 19:45:50,825 - DEBUG - Request: 2 for politics/trump-jr-stump-perdue-this-weekend-pence-rallies-thursday-trump-team-answers-biden-event
2024-07-06 19:45:51,029 - DEBUG - Request: 8 for politics/fauci-testifies-before-house
2024-07-06 19:45:51,420 - DEBUG - Request: 3 for politics/trump-jr-stump-perdue-this-weekend-pence-rallies-thursday-trump-team-answers-biden-event
2024-07-06 19:45:51,545 - DEBUG - Request: 9 for politics/fauci-testifies-before-house
2024-07-06 19:45:51,608 - DEBUG - Request took to long to respond. Trying again.. {'count': 10000, 'child_count': 1000, 'offset': 0, 'depth': 1000, 'sort_by': 'oldest'} {'User-Agent': '', 'x-spot-id': 'sp_ANQXRpqH', 'x-post-id': 'urn:uri:base64:fa89b4f3-c2ee-563d-a0eb-5a3dd644e291'}
2024-07-06 19:45:51,876 - DEBUG - Request: 1 for politics/trump-coronavirus-town-hall
2024-07-06 19:45:51,972 - DEBUG - Request: 4 for politics/trump-jr-stump-perdue-this-weekend-pence-rallies-thursday-trump-team-answers-biden-event
2024-07-06 19:45:52,161 - DEBUG - Request: 10 for politics/fauci-testifies-before-house
2024-07-06 19:45:52,269 - DEBUG - Request: 5 for politics/trump-jr-stump-perdue-this-weekend-pence-rallies-thursday-trump-team-answers-biden-event
2024-07-06 19:45:52,311 - INFO - 'messages_count': 5669	'replies_count': 3682	'comments_count': 1987
2024-07-06 19:45:52,312 - DEBUG - Request: 2 for politics/trump-faces-backlash-to-talks-of-winding-down-coronavirus-task-force
2024-07-06 19:45:52,666 - DEBUG - Request: 6 for politics/trump-jr-stump-perdue-this-weekend-pence-rallies-thursday-trump-team-answers-biden-event
2024-07-06 19:45:52,690 - DEBUG - Request: 11 for politics/fauci-testifies-before-house
2024-07-06 19:45:52,692 - DEBUG - Request took to long to respond. Trying again.. {'count': 10000, 'child_count': 1000, 'offset': 0, 'depth': 1000, 'sort_by': 'oldest'} {'User-Agent': '', 'x-spot-id': 'sp_ANQXRpqH', 'x-post-id': 'urn:uri:base64:fdc2dd75-f2a1-5409-acb9-84ee748ea206'}
2024-07-06 19:45:52,951 - DEBUG - Request: 1 for politics/jill-biden-joe-biden-democratic-convention-speech
2024-07-06 19:45:53,015 - DEBUG - Users added: 432
2024-07-06 19:45:53,882 - INFO - Comments added: 1374
2024-07-06 19:45:53,885 - INFO - Connection closed for politics/trump-jr-stump-perdue-this-weekend-pence-rallies-thursday-trump-team-answers-biden-event
2024-07-06 19:45:53,893 - DEBUG - Request: 3 for politics/trump-faces-backlash-to-talks-of-winding-down-coronavirus-task-force
2024-07-06 19:45:53,894 - DEBUG - Request took to long to respond. Trying again.. {'count': 10000, 'child_count': 1000, 'offset': 0, 'depth': 1000, 'sort_by': 'oldest'} {'User-Agent': '', 'x-spot-id': 'sp_ANQXRpqH', 'x-post-id': 'urn:uri:base64:eb4b9c16-46ee-53f9-8179-29ebde16094b'}
2024-07-06 19:45:53,894 - DEBUG - Request took to long to respond. Trying again.. {'count': 10000, 'child_count': 1000, 'offset': 1000, 'depth': 1000, 'sort_by': 'oldest'} {'User-Agent': '', 'x-spot-id': 'sp_ANQXRpqH', 'x-post-id': 'urn:uri:base64:7192f877-965c-5280-908d-932db1fec2f6'}
2024-07-06 19:45:54,021 - INFO - 'messages_count': 2988	'replies_count': 1913	'comments_count': 1075
2024-07-06 19:45:54,021 - DEBUG - Request: 2 for politics/trump-coronavirus-town-hall
2024-07-06 19:45:54,593 - DEBUG - Request: 12 for politics/fauci-testifies-before-house
2024-07-06 19:45:54,663 - DEBUG - Request: 3 for politics/trump-coronavirus-town-hall
2024-07-06 19:45:54,695 - DEBUG - Request took to long to respond. Trying again.. {'count': 10000, 'child_count': 1000, 'offset': 200, 'depth': 1000, 'sort_by': 'oldest'} {'User-Agent': '', 'x-spot-id': 'sp_ANQXRpqH', 'x-post-id': 'urn:uri:base64:fa89b4f3-c2ee-563d-a0eb-5a3dd644e291'}
2024-07-06 19:45:55,084 - DEBUG - Request: 13 for politics/fauci-testifies-before-house
2024-07-06 19:45:55,143 - INFO - 'messages_count': 776	'replies_count': 393	'comments_count': 383
2024-07-06 19:45:55,144 - DEBUG - Request: 2 for politics/jill-biden-joe-biden-democratic-convention-speech
2024-07-06 19:45:55,372 - DEBUG - Request: 4 for politics/trump-coronavirus-town-hall
2024-07-06 19:45:55,393 - DEBUG - Request: 4 for politics/trump-faces-backlash-to-talks-of-winding-down-coronavirus-task-force
2024-07-06 19:45:55,554 - DEBUG - Request: 14 for politics/fauci-testifies-before-house
2024-07-06 19:45:55,619 - DEBUG - Request: 3 for politics/jill-biden-joe-biden-democratic-convention-speech
2024-07-06 19:45:55,872 - DEBUG - Request: 5 for politics/trump-coronavirus-town-hall
2024-07-06 19:45:55,947 - DEBUG - Request: 5 for politics/trump-faces-backlash-to-talks-of-winding-down-coronavirus-task-force
2024-07-06 19:45:55,977 - DEBUG - Request: 15 for politics/fauci-testifies-before-house
2024-07-06 19:45:56,186 - DEBUG - Request: 4 for politics/jill-biden-joe-biden-democratic-convention-speech
2024-07-06 19:45:56,355 - DEBUG - Request: 16 for politics/fauci-testifies-before-house
2024-07-06 19:45:56,477 - DEBUG - Request: 6 for politics/trump-faces-backlash-to-talks-of-winding-down-coronavirus-task-force
2024-07-06 19:45:56,650 - DEBUG - Request: 6 for politics/trump-coronavirus-town-hall
2024-07-06 19:45:56,686 - DEBUG - Request: 17 for politics/fauci-testifies-before-house
2024-07-06 19:45:56,698 - DEBUG - Request: 5 for politics/jill-biden-joe-biden-democratic-convention-speech
2024-07-06 19:45:56,786 - DEBUG - Request: 1 for politics/white-house-rose-garden-coronavirus-spread
2024-07-06 19:45:56,988 - DEBUG - Request: 7 for politics/trump-coronavirus-town-hall
2024-07-06 19:45:57,084 - DEBUG - Request: 18 for politics/fauci-testifies-before-house
2024-07-06 19:45:57,122 - DEBUG - Request: 6 for politics/jill-biden-joe-biden-democratic-convention-speech
2024-07-06 19:45:57,156 - DEBUG - Request: 7 for politics/trump-faces-backlash-to-talks-of-winding-down-coronavirus-task-force
2024-07-06 19:45:57,452 - DEBUG - Request: 7 for politics/jill-biden-joe-biden-democratic-convention-speech
2024-07-06 19:45:57,471 - DEBUG - Request: 8 for politics/trump-coronavirus-town-hall
2024-07-06 19:45:57,590 - DEBUG - Request took to long to respond. Trying again.. {'count': 10000, 'child_count': 1000, 'offset': 0, 'depth': 1000, 'sort_by': 'oldest'} {'User-Agent': '', 'x-spot-id': 'sp_ANQXRpqH', 'x-post-id': 'urn:uri:base64:eb541f77-82fb-55c3-ad52-afea34e90faf'}
2024-07-06 19:45:57,640 - DEBUG - Request: 19 for politics/fauci-testifies-before-house
2024-07-06 19:45:57,735 - DEBUG - Users added: 394
2024-07-06 19:45:58,180 - INFO - Comments added: 872
2024-07-06 19:45:58,183 - INFO - Connection closed for politics/jill-biden-joe-biden-democratic-convention-speech
2024-07-06 19:45:58,213 - DEBUG - Request: 9 for politics/trump-coronavirus-town-hall
2024-07-06 19:45:58,215 - DEBUG - Request took to long to respond. Trying again.. {'count': 10000, 'child_count': 1000, 'offset': 599, 'depth': 1000, 'sort_by': 'oldest'} {'User-Agent': '', 'x-spot-id': 'sp_ANQXRpqH', 'x-post-id': 'urn:uri:base64:fa89b4f3-c2ee-563d-a0eb-5a3dd644e291'}
2024-07-06 19:45:58,447 - INFO - 'messages_count': 1457	'replies_count': 958	'comments_count': 499
2024-07-06 19:45:58,450 - DEBUG - Request: 2 for politics/white-house-rose-garden-coronavirus-spread
2024-07-06 19:45:58,451 - DEBUG - Request took to long to respond. Trying again.. {'count': 10000, 'child_count': 1000, 'offset': 1799, 'depth': 1000, 'sort_by': 'oldest'} {'User-Agent': '', 'x-spot-id': 'sp_ANQXRpqH', 'x-post-id': 'urn:uri:base64:7192f877-965c-5280-908d-932db1fec2f6'}
2024-07-06 19:45:58,684 - DEBUG - Request: 10 for politics/trump-coronavirus-town-hall
2024-07-06 19:45:58,829 - DEBUG - Request: 3 for politics/white-house-rose-garden-coronavirus-spread
2024-07-06 19:45:59,033 - DEBUG - Request: 1 for politics/president-trump-discusses-bombshell-revelations-in-flynn-case-in-exclusive-interview-with-maria-bartiromo
2024-07-06 19:45:59,162 - DEBUG - Request: 20 for politics/fauci-testifies-before-house
2024-07-06 19:45:59,233 - DEBUG - Request: 11 for politics/trump-coronavirus-town-hall
2024-07-06 19:45:59,341 - DEBUG - Request: 8 for politics/trump-faces-backlash-to-talks-of-winding-down-coronavirus-task-force
2024-07-06 19:45:59,568 - DEBUG - Request: 4 for politics/white-house-rose-garden-coronavirus-spread
2024-07-06 19:45:59,627 - DEBUG - Request: 12 for politics/trump-coronavirus-town-hall
2024-07-06 19:45:59,714 - DEBUG - Request: 21 for politics/fauci-testifies-before-house
2024-07-06 19:45:59,753 - DEBUG - Request: 1 for politics/cuomo-de-blasio-nyc-shelter-in-place
2024-07-06 19:45:59,834 - DEBUG - Request took to long to respond. Trying again.. {'count': 10000, 'child_count': 1000, 'offset': 0, 'depth': 1000, 'sort_by': 'oldest'} {'User-Agent': '', 'x-spot-id': 'sp_ANQXRpqH', 'x-post-id': 'urn:uri:base64:8982bf8b-1174-5163-9fe9-dda315e5c951'}
2024-07-06 19:45:59,972 - DEBUG - Request: 9 for politics/trump-faces-backlash-to-talks-of-winding-down-coronavirus-task-force
2024-07-06 19:46:00,033 - DEBUG - Request: 13 for politics/trump-coronavirus-town-hall
2024-07-06 19:46:00,196 - DEBUG - Request: 22 for politics/fauci-testifies-before-house
2024-07-06 19:46:00,302 - DEBUG - Request: 5 for politics/white-house-rose-garden-coronavirus-spread
2024-07-06 19:46:00,374 - DEBUG - Request: 10 for politics/trump-faces-backlash-to-talks-of-winding-down-coronavirus-task-force
2024-07-06 19:46:00,396 - INFO - 'messages_count': 379	'replies_count': 139	'comments_count': 240
2024-07-06 19:46:00,396 - DEBUG - Request: 2 for politics/cuomo-de-blasio-nyc-shelter-in-place
2024-07-06 19:46:00,443 - DEBUG - Request: 14 for politics/trump-coronavirus-town-hall
2024-07-06 19:46:00,589 - DEBUG - Request: 6 for politics/white-house-rose-garden-coronavirus-spread
2024-07-06 19:46:00,605 - DEBUG - Request: 23 for politics/fauci-testifies-before-house
2024-07-06 19:46:00,662 - INFO - 'messages_count': 20629	'replies_count': 14686	'comments_count': 5943
2024-07-06 19:46:00,668 - DEBUG - Request: 2 for politics/president-trump-discusses-bombshell-revelations-in-flynn-case-in-exclusive-interview-with-maria-bartiromo
2024-07-06 19:46:00,827 - DEBUG - Request: 15 for politics/trump-coronavirus-town-hall
2024-07-06 19:46:00,897 - DEBUG - Request: 3 for politics/cuomo-de-blasio-nyc-shelter-in-place
2024-07-06 19:46:00,912 - DEBUG - Request: 11 for politics/trump-faces-backlash-to-talks-of-winding-down-coronavirus-task-force
2024-07-06 19:46:01,100 - DEBUG - Request: 7 for politics/white-house-rose-garden-coronavirus-spread
2024-07-06 19:46:01,130 - DEBUG - Request: 4 for politics/cuomo-de-blasio-nyc-shelter-in-place
2024-07-06 19:46:01,162 - DEBUG - Request: 16 for politics/trump-coronavirus-town-hall
2024-07-06 19:46:01,242 - DEBUG - Request: 24 for politics/fauci-testifies-before-house
2024-07-06 19:46:01,426 - DEBUG - Request: 12 for politics/trump-faces-backlash-to-talks-of-winding-down-coronavirus-task-force
2024-07-06 19:46:01,470 - DEBUG - Request took to long to respond. Trying again.. {'count': 10000, 'child_count': 1000, 'offset': 100, 'depth': 1000, 'sort_by': 'oldest'} {'User-Agent': '', 'x-spot-id': 'sp_ANQXRpqH', 'x-post-id': 'urn:uri:base64:8982bf8b-1174-5163-9fe9-dda315e5c951'}
2024-07-06 19:46:01,589 - DEBUG - Users added: 269
2024-07-06 19:46:01,813 - INFO - Comments added: 398
2024-07-06 19:46:01,816 - INFO - Connection closed for politics/cuomo-de-blasio-nyc-shelter-in-place
2024-07-06 19:46:01,845 - DEBUG - Request: 8 for politics/white-house-rose-garden-coronavirus-spread
2024-07-06 19:46:01,876 - DEBUG - Request: 17 for politics/trump-coronavirus-town-hall
2024-07-06 19:46:01,880 - DEBUG - Request: 25 for politics/fauci-testifies-before-house
2024-07-06 19:46:01,893 - DEBUG - Request: 13 for politics/trump-faces-backlash-to-talks-of-winding-down-coronavirus-task-force
2024-07-06 19:46:02,166 - DEBUG - Users added: 628
2024-07-06 19:46:02,957 - INFO - Comments added: 1549
2024-07-06 19:46:02,961 - INFO - Connection closed for politics/white-house-rose-garden-coronavirus-spread
2024-07-06 19:46:02,987 - DEBUG - Request took to long to respond. Trying again.. {'count': 10000, 'child_count': 1000, 'offset': 1197, 'depth': 1000, 'sort_by': 'oldest'} {'User-Agent': '', 'x-spot-id': 'sp_ANQXRpqH', 'x-post-id': 'urn:uri:base64:fa89b4f3-c2ee-563d-a0eb-5a3dd644e291'}
2024-07-06 19:46:02,988 - DEBUG - Request took to long to respond. Trying again.. {'count': 10000, 'child_count': 1000, 'offset': 1594, 'depth': 1000, 'sort_by': 'oldest'} {'User-Agent': '', 'x-spot-id': 'sp_ANQXRpqH', 'x-post-id': 'urn:uri:base64:fdc2dd75-f2a1-5409-acb9-84ee748ea206'}
2024-07-06 19:46:03,003 - DEBUG - Request took to long to respond. Trying again.. {'count': 10000, 'child_count': 1000, 'offset': 100, 'depth': 1000, 'sort_by': 'oldest'} {'User-Agent': '', 'x-spot-id': 'sp_ANQXRpqH', 'x-post-id': 'urn:uri:base64:8982bf8b-1174-5163-9fe9-dda315e5c951'}
2024-07-06 19:46:03,004 - DEBUG - Request took to long to respond. Trying again.. {'count': 10000, 'child_count': 1000, 'offset': 2397, 'depth': 1000, 'sort_by': 'oldest'} {'User-Agent': '', 'x-spot-id': 'sp_ANQXRpqH', 'x-post-id': 'urn:uri:base64:7192f877-965c-5280-908d-932db1fec2f6'}
2024-07-06 19:46:03,694 - DEBUG - Users added: 742
2024-07-06 19:46:07,976 - INFO - Comments added: 3325
2024-07-06 19:46:07,986 - INFO - Connection closed for politics/trump-coronavirus-town-hall
2024-07-06 19:46:08,013 - DEBUG - Request took to long to respond. Trying again.. {'count': 10000, 'child_count': 1000, 'offset': 1197, 'depth': 1000, 'sort_by': 'oldest'} {'User-Agent': '', 'x-spot-id': 'sp_ANQXRpqH', 'x-post-id': 'urn:uri:base64:fa89b4f3-c2ee-563d-a0eb-5a3dd644e291'}
2024-07-06 19:46:08,018 - DEBUG - Request took to long to respond. Trying again.. {'count': 10000, 'child_count': 1000, 'offset': 2397, 'depth': 1000, 'sort_by': 'oldest'} {'User-Agent': '', 'x-spot-id': 'sp_ANQXRpqH', 'x-post-id': 'urn:uri:base64:7192f877-965c-5280-908d-932db1fec2f6'}
2024-07-06 19:46:08,018 - DEBUG - Request took to long to respond. Trying again.. {'count': 10000, 'child_count': 1000, 'offset': 100, 'depth': 1000, 'sort_by': 'oldest'} {'User-Agent': '', 'x-spot-id': 'sp_ANQXRpqH', 'x-post-id': 'urn:uri:base64:8982bf8b-1174-5163-9fe9-dda315e5c951'}
2024-07-06 19:46:08,700 - DEBUG - Request: 26 for politics/fauci-testifies-before-house
2024-07-06 19:46:08,701 - DEBUG - Request: 3 for politics/president-trump-discusses-bombshell-revelations-in-flynn-case-in-exclusive-interview-with-maria-bartiromo
2024-07-06 19:46:08,752 - DEBUG - Request: 14 for politics/trump-faces-backlash-to-talks-of-winding-down-coronavirus-task-force
2024-07-06 19:46:09,068 - DEBUG - Request: 15 for politics/trump-faces-backlash-to-talks-of-winding-down-coronavirus-task-force
2024-07-06 19:46:09,228 - DEBUG - Request: 27 for politics/fauci-testifies-before-house
2024-07-06 19:46:09,474 - DEBUG - Request: 16 for politics/trump-faces-backlash-to-talks-of-winding-down-coronavirus-task-force
2024-07-06 19:46:09,488 - DEBUG - Request: 4 for politics/president-trump-discusses-bombshell-revelations-in-flynn-case-in-exclusive-interview-with-maria-bartiromo
2024-07-06 19:46:09,643 - DEBUG - Request: 28 for politics/fauci-testifies-before-house
2024-07-06 19:46:09,944 - DEBUG - Request: 29 for politics/fauci-testifies-before-house
2024-07-06 19:46:09,950 - DEBUG - Request: 17 for politics/trump-faces-backlash-to-talks-of-winding-down-coronavirus-task-force
2024-07-06 19:46:10,140 - DEBUG - Request: 5 for politics/president-trump-discusses-bombshell-revelations-in-flynn-case-in-exclusive-interview-with-maria-bartiromo
2024-07-06 19:46:10,368 - DEBUG - Request: 30 for politics/fauci-testifies-before-house
2024-07-06 19:46:10,585 - DEBUG - Request: 18 for politics/trump-faces-backlash-to-talks-of-winding-down-coronavirus-task-force
2024-07-06 19:46:10,754 - DEBUG - Request: 31 for politics/fauci-testifies-before-house
2024-07-06 19:46:10,913 - DEBUG - Request: 19 for politics/trump-faces-backlash-to-talks-of-winding-down-coronavirus-task-force
2024-07-06 19:46:10,942 - DEBUG - Request took to long to respond. Trying again.. {'count': 10000, 'child_count': 1000, 'offset': 399, 'depth': 1000, 'sort_by': 'oldest'} {'User-Agent': '', 'x-spot-id': 'sp_ANQXRpqH', 'x-post-id': 'urn:uri:base64:8982bf8b-1174-5163-9fe9-dda315e5c951'}
2024-07-06 19:46:11,153 - DEBUG - Request: 32 for politics/fauci-testifies-before-house
2024-07-06 19:46:11,314 - DEBUG - Request: 20 for politics/trump-faces-backlash-to-talks-of-winding-down-coronavirus-task-force
2024-07-06 19:46:11,557 - DEBUG - Request: 33 for politics/fauci-testifies-before-house
2024-07-06 19:46:11,637 - DEBUG - Request: 6 for politics/president-trump-discusses-bombshell-revelations-in-flynn-case-in-exclusive-interview-with-maria-bartiromo
2024-07-06 19:46:11,648 - DEBUG - Request: 21 for politics/trump-faces-backlash-to-talks-of-winding-down-coronavirus-task-force
2024-07-06 19:46:11,959 - DEBUG - Request: 22 for politics/trump-faces-backlash-to-talks-of-winding-down-coronavirus-task-force
2024-07-06 19:46:11,975 - DEBUG - Request: 34 for politics/fauci-testifies-before-house
2024-07-06 19:46:12,439 - DEBUG - Users added: 2383
2024-07-06 19:46:15,680 - INFO - Comments added: 8493
2024-07-06 19:46:15,682 - INFO - Connection closed for politics/fauci-testifies-before-house
2024-07-06 19:46:15,695 - DEBUG - Request: 7 for politics/president-trump-discusses-bombshell-revelations-in-flynn-case-in-exclusive-interview-with-maria-bartiromo
2024-07-06 19:46:15,704 - DEBUG - Request: 23 for politics/trump-faces-backlash-to-talks-of-winding-down-coronavirus-task-force
2024-07-06 19:46:16,106 - DEBUG - Request: 24 for politics/trump-faces-backlash-to-talks-of-winding-down-coronavirus-task-force
2024-07-06 19:46:16,510 - DEBUG - Request: 25 for politics/trump-faces-backlash-to-talks-of-winding-down-coronavirus-task-force
2024-07-06 19:46:16,514 - DEBUG - Request took to long to respond. Trying again.. {'count': 10000, 'child_count': 1000, 'offset': 598, 'depth': 1000, 'sort_by': 'oldest'} {'User-Agent': '', 'x-spot-id': 'sp_ANQXRpqH', 'x-post-id': 'urn:uri:base64:8982bf8b-1174-5163-9fe9-dda315e5c951'}
2024-07-06 19:46:16,827 - DEBUG - Request: 26 for politics/trump-faces-backlash-to-talks-of-winding-down-coronavirus-task-force
2024-07-06 19:46:17,165 - DEBUG - Request: 27 for politics/trump-faces-backlash-to-talks-of-winding-down-coronavirus-task-force
2024-07-06 19:46:17,181 - DEBUG - Request: 8 for politics/president-trump-discusses-bombshell-revelations-in-flynn-case-in-exclusive-interview-with-maria-bartiromo
2024-07-06 19:46:17,449 - DEBUG - Request: 28 for politics/trump-faces-backlash-to-talks-of-winding-down-coronavirus-task-force
2024-07-06 19:46:17,630 - DEBUG - Request: 9 for politics/president-trump-discusses-bombshell-revelations-in-flynn-case-in-exclusive-interview-with-maria-bartiromo
2024-07-06 19:46:17,726 - DEBUG - Request: 29 for politics/trump-faces-backlash-to-talks-of-winding-down-coronavirus-task-force
2024-07-06 19:46:18,762 - DEBUG - Users added: 1854
2024-07-06 19:46:24,421 - INFO - Comments added: 6200
2024-07-06 19:46:24,433 - INFO - Connection closed for politics/trump-faces-backlash-to-talks-of-winding-down-coronavirus-task-force
2024-07-06 19:46:24,446 - DEBUG - Request took to long to respond. Trying again.. {'count': 10000, 'child_count': 1000, 'offset': 795, 'depth': 1000, 'sort_by': 'oldest'} {'User-Agent': '', 'x-spot-id': 'sp_ANQXRpqH', 'x-post-id': 'urn:uri:base64:8982bf8b-1174-5163-9fe9-dda315e5c951'}
2024-07-06 19:46:25,165 - DEBUG - Request: 10 for politics/president-trump-discusses-bombshell-revelations-in-flynn-case-in-exclusive-interview-with-maria-bartiromo
2024-07-06 19:46:25,807 - DEBUG - Request: 11 for politics/president-trump-discusses-bombshell-revelations-in-flynn-case-in-exclusive-interview-with-maria-bartiromo
2024-07-06 19:46:26,415 - DEBUG - Request: 12 for politics/president-trump-discusses-bombshell-revelations-in-flynn-case-in-exclusive-interview-with-maria-bartiromo
2024-07-06 19:46:26,981 - DEBUG - Request: 13 for politics/president-trump-discusses-bombshell-revelations-in-flynn-case-in-exclusive-interview-with-maria-bartiromo
2024-07-06 19:46:27,617 - DEBUG - Request: 14 for politics/president-trump-discusses-bombshell-revelations-in-flynn-case-in-exclusive-interview-with-maria-bartiromo
2024-07-06 19:46:28,260 - DEBUG - Request: 15 for politics/president-trump-discusses-bombshell-revelations-in-flynn-case-in-exclusive-interview-with-maria-bartiromo
2024-07-06 19:46:28,763 - DEBUG - Request: 16 for politics/president-trump-discusses-bombshell-revelations-in-flynn-case-in-exclusive-interview-with-maria-bartiromo
2024-07-06 19:46:29,311 - DEBUG - Request: 17 for politics/president-trump-discusses-bombshell-revelations-in-flynn-case-in-exclusive-interview-with-maria-bartiromo
2024-07-06 19:46:29,778 - DEBUG - Request: 18 for politics/president-trump-discusses-bombshell-revelations-in-flynn-case-in-exclusive-interview-with-maria-bartiromo
2024-07-06 19:46:30,337 - DEBUG - Request: 19 for politics/president-trump-discusses-bombshell-revelations-in-flynn-case-in-exclusive-interview-with-maria-bartiromo
2024-07-06 19:46:30,828 - DEBUG - Request: 20 for politics/president-trump-discusses-bombshell-revelations-in-flynn-case-in-exclusive-interview-with-maria-bartiromo
2024-07-06 19:46:31,377 - DEBUG - Request: 21 for politics/president-trump-discusses-bombshell-revelations-in-flynn-case-in-exclusive-interview-with-maria-bartiromo
2024-07-06 19:46:31,784 - DEBUG - Request: 22 for politics/president-trump-discusses-bombshell-revelations-in-flynn-case-in-exclusive-interview-with-maria-bartiromo
2024-07-06 19:46:32,205 - DEBUG - Request: 23 for politics/president-trump-discusses-bombshell-revelations-in-flynn-case-in-exclusive-interview-with-maria-bartiromo
2024-07-06 19:46:32,666 - DEBUG - Request: 24 for politics/president-trump-discusses-bombshell-revelations-in-flynn-case-in-exclusive-interview-with-maria-bartiromo
2024-07-06 19:46:33,226 - DEBUG - Request: 25 for politics/president-trump-discusses-bombshell-revelations-in-flynn-case-in-exclusive-interview-with-maria-bartiromo
2024-07-06 19:46:33,706 - DEBUG - Request: 26 for politics/president-trump-discusses-bombshell-revelations-in-flynn-case-in-exclusive-interview-with-maria-bartiromo
2024-07-06 19:46:34,184 - DEBUG - Request: 27 for politics/president-trump-discusses-bombshell-revelations-in-flynn-case-in-exclusive-interview-with-maria-bartiromo
2024-07-06 19:46:34,666 - DEBUG - Request: 28 for politics/president-trump-discusses-bombshell-revelations-in-flynn-case-in-exclusive-interview-with-maria-bartiromo
2024-07-06 19:46:35,237 - DEBUG - Request: 29 for politics/president-trump-discusses-bombshell-revelations-in-flynn-case-in-exclusive-interview-with-maria-bartiromo
2024-07-06 19:46:35,733 - DEBUG - Request: 30 for politics/president-trump-discusses-bombshell-revelations-in-flynn-case-in-exclusive-interview-with-maria-bartiromo
2024-07-06 19:46:36,183 - DEBUG - Request: 31 for politics/president-trump-discusses-bombshell-revelations-in-flynn-case-in-exclusive-interview-with-maria-bartiromo
2024-07-06 19:46:36,665 - DEBUG - Request: 32 for politics/president-trump-discusses-bombshell-revelations-in-flynn-case-in-exclusive-interview-with-maria-bartiromo
2024-07-06 19:46:37,158 - DEBUG - Request: 33 for politics/president-trump-discusses-bombshell-revelations-in-flynn-case-in-exclusive-interview-with-maria-bartiromo
2024-07-06 19:46:37,640 - DEBUG - Request: 34 for politics/president-trump-discusses-bombshell-revelations-in-flynn-case-in-exclusive-interview-with-maria-bartiromo
2024-07-06 19:46:38,112 - DEBUG - Request: 35 for politics/president-trump-discusses-bombshell-revelations-in-flynn-case-in-exclusive-interview-with-maria-bartiromo
2024-07-06 19:46:38,578 - DEBUG - Request: 36 for politics/president-trump-discusses-bombshell-revelations-in-flynn-case-in-exclusive-interview-with-maria-bartiromo
2024-07-06 19:46:39,150 - DEBUG - Request: 37 for politics/president-trump-discusses-bombshell-revelations-in-flynn-case-in-exclusive-interview-with-maria-bartiromo
2024-07-06 19:46:39,619 - DEBUG - Request: 38 for politics/president-trump-discusses-bombshell-revelations-in-flynn-case-in-exclusive-interview-with-maria-bartiromo
2024-07-06 19:46:40,139 - DEBUG - Request: 39 for politics/president-trump-discusses-bombshell-revelations-in-flynn-case-in-exclusive-interview-with-maria-bartiromo
2024-07-06 19:46:40,583 - DEBUG - Request: 40 for politics/president-trump-discusses-bombshell-revelations-in-flynn-case-in-exclusive-interview-with-maria-bartiromo
2024-07-06 19:46:41,070 - DEBUG - Request: 41 for politics/president-trump-discusses-bombshell-revelations-in-flynn-case-in-exclusive-interview-with-maria-bartiromo
2024-07-06 19:46:41,457 - DEBUG - Request: 42 for politics/president-trump-discusses-bombshell-revelations-in-flynn-case-in-exclusive-interview-with-maria-bartiromo
2024-07-06 19:46:41,884 - DEBUG - Request: 43 for politics/president-trump-discusses-bombshell-revelations-in-flynn-case-in-exclusive-interview-with-maria-bartiromo
2024-07-06 19:46:42,202 - DEBUG - Request: 44 for politics/president-trump-discusses-bombshell-revelations-in-flynn-case-in-exclusive-interview-with-maria-bartiromo
2024-07-06 19:46:42,585 - DEBUG - Request: 45 for politics/president-trump-discusses-bombshell-revelations-in-flynn-case-in-exclusive-interview-with-maria-bartiromo
2024-07-06 19:46:43,073 - DEBUG - Request: 46 for politics/president-trump-discusses-bombshell-revelations-in-flynn-case-in-exclusive-interview-with-maria-bartiromo
2024-07-06 19:46:43,566 - DEBUG - Request: 47 for politics/president-trump-discusses-bombshell-revelations-in-flynn-case-in-exclusive-interview-with-maria-bartiromo
2024-07-06 19:46:43,929 - DEBUG - Request: 48 for politics/president-trump-discusses-bombshell-revelations-in-flynn-case-in-exclusive-interview-with-maria-bartiromo
2024-07-06 19:46:44,441 - DEBUG - Request: 49 for politics/president-trump-discusses-bombshell-revelations-in-flynn-case-in-exclusive-interview-with-maria-bartiromo
2024-07-06 19:46:44,848 - DEBUG - Request: 50 for politics/president-trump-discusses-bombshell-revelations-in-flynn-case-in-exclusive-interview-with-maria-bartiromo
2024-07-06 19:46:45,309 - DEBUG - Request: 51 for politics/president-trump-discusses-bombshell-revelations-in-flynn-case-in-exclusive-interview-with-maria-bartiromo
2024-07-06 19:46:45,718 - DEBUG - Request: 52 for politics/president-trump-discusses-bombshell-revelations-in-flynn-case-in-exclusive-interview-with-maria-bartiromo
2024-07-06 19:46:46,188 - DEBUG - Request: 53 for politics/president-trump-discusses-bombshell-revelations-in-flynn-case-in-exclusive-interview-with-maria-bartiromo
2024-07-06 19:46:46,657 - DEBUG - Request: 54 for politics/president-trump-discusses-bombshell-revelations-in-flynn-case-in-exclusive-interview-with-maria-bartiromo
2024-07-06 19:46:47,299 - DEBUG - Request: 55 for politics/president-trump-discusses-bombshell-revelations-in-flynn-case-in-exclusive-interview-with-maria-bartiromo
2024-07-06 19:46:47,692 - DEBUG - Request: 56 for politics/president-trump-discusses-bombshell-revelations-in-flynn-case-in-exclusive-interview-with-maria-bartiromo
2024-07-06 19:46:48,186 - DEBUG - Request: 57 for politics/president-trump-discusses-bombshell-revelations-in-flynn-case-in-exclusive-interview-with-maria-bartiromo
2024-07-06 19:46:48,582 - DEBUG - Request: 58 for politics/president-trump-discusses-bombshell-revelations-in-flynn-case-in-exclusive-interview-with-maria-bartiromo
2024-07-06 19:46:48,987 - DEBUG - Request: 59 for politics/president-trump-discusses-bombshell-revelations-in-flynn-case-in-exclusive-interview-with-maria-bartiromo
2024-07-06 19:46:49,379 - DEBUG - Request: 60 for politics/president-trump-discusses-bombshell-revelations-in-flynn-case-in-exclusive-interview-with-maria-bartiromo
2024-07-06 19:46:49,804 - DEBUG - Request: 61 for politics/president-trump-discusses-bombshell-revelations-in-flynn-case-in-exclusive-interview-with-maria-bartiromo
2024-07-06 19:46:50,183 - DEBUG - Request: 62 for politics/president-trump-discusses-bombshell-revelations-in-flynn-case-in-exclusive-interview-with-maria-bartiromo
2024-07-06 19:46:50,588 - DEBUG - Request: 63 for politics/president-trump-discusses-bombshell-revelations-in-flynn-case-in-exclusive-interview-with-maria-bartiromo
2024-07-06 19:46:50,985 - DEBUG - Request: 64 for politics/president-trump-discusses-bombshell-revelations-in-flynn-case-in-exclusive-interview-with-maria-bartiromo
2024-07-06 19:46:51,472 - DEBUG - Request: 65 for politics/president-trump-discusses-bombshell-revelations-in-flynn-case-in-exclusive-interview-with-maria-bartiromo
2024-07-06 19:46:51,945 - DEBUG - Request: 66 for politics/president-trump-discusses-bombshell-revelations-in-flynn-case-in-exclusive-interview-with-maria-bartiromo
2024-07-06 19:46:52,405 - DEBUG - Request: 67 for politics/president-trump-discusses-bombshell-revelations-in-flynn-case-in-exclusive-interview-with-maria-bartiromo
2024-07-06 19:46:52,906 - DEBUG - Request: 68 for politics/president-trump-discusses-bombshell-revelations-in-flynn-case-in-exclusive-interview-with-maria-bartiromo
2024-07-06 19:46:53,325 - DEBUG - Request: 69 for politics/president-trump-discusses-bombshell-revelations-in-flynn-case-in-exclusive-interview-with-maria-bartiromo
2024-07-06 19:46:53,734 - DEBUG - Request: 70 for politics/president-trump-discusses-bombshell-revelations-in-flynn-case-in-exclusive-interview-with-maria-bartiromo
2024-07-06 19:46:54,096 - DEBUG - Request: 71 for politics/president-trump-discusses-bombshell-revelations-in-flynn-case-in-exclusive-interview-with-maria-bartiromo
2024-07-06 19:46:54,520 - DEBUG - Request: 72 for politics/president-trump-discusses-bombshell-revelations-in-flynn-case-in-exclusive-interview-with-maria-bartiromo
2024-07-06 19:46:54,902 - DEBUG - Request: 73 for politics/president-trump-discusses-bombshell-revelations-in-flynn-case-in-exclusive-interview-with-maria-bartiromo
2024-07-06 19:46:55,318 - DEBUG - Request: 74 for politics/president-trump-discusses-bombshell-revelations-in-flynn-case-in-exclusive-interview-with-maria-bartiromo
2024-07-06 19:46:55,630 - DEBUG - Request: 75 for politics/president-trump-discusses-bombshell-revelations-in-flynn-case-in-exclusive-interview-with-maria-bartiromo
2024-07-06 19:46:56,047 - DEBUG - Request: 76 for politics/president-trump-discusses-bombshell-revelations-in-flynn-case-in-exclusive-interview-with-maria-bartiromo
2024-07-06 19:46:56,420 - DEBUG - Request: 77 for politics/president-trump-discusses-bombshell-revelations-in-flynn-case-in-exclusive-interview-with-maria-bartiromo
2024-07-06 19:46:56,829 - DEBUG - Request: 78 for politics/president-trump-discusses-bombshell-revelations-in-flynn-case-in-exclusive-interview-with-maria-bartiromo
2024-07-06 19:46:57,312 - DEBUG - Request: 79 for politics/president-trump-discusses-bombshell-revelations-in-flynn-case-in-exclusive-interview-with-maria-bartiromo
2024-07-06 19:46:57,716 - DEBUG - Request: 80 for politics/president-trump-discusses-bombshell-revelations-in-flynn-case-in-exclusive-interview-with-maria-bartiromo
2024-07-06 19:46:58,131 - DEBUG - Request: 81 for politics/president-trump-discusses-bombshell-revelations-in-flynn-case-in-exclusive-interview-with-maria-bartiromo
2024-07-06 19:46:58,581 - DEBUG - Request: 82 for politics/president-trump-discusses-bombshell-revelations-in-flynn-case-in-exclusive-interview-with-maria-bartiromo
2024-07-06 19:46:59,065 - DEBUG - Request: 83 for politics/president-trump-discusses-bombshell-revelations-in-flynn-case-in-exclusive-interview-with-maria-bartiromo
2024-07-06 19:46:59,408 - DEBUG - Request: 84 for politics/president-trump-discusses-bombshell-revelations-in-flynn-case-in-exclusive-interview-with-maria-bartiromo
2024-07-06 19:46:59,724 - DEBUG - Request: 85 for politics/president-trump-discusses-bombshell-revelations-in-flynn-case-in-exclusive-interview-with-maria-bartiromo
2024-07-06 19:47:00,047 - DEBUG - Request: 86 for politics/president-trump-discusses-bombshell-revelations-in-flynn-case-in-exclusive-interview-with-maria-bartiromo
2024-07-06 19:47:00,508 - DEBUG - Request: 87 for politics/president-trump-discusses-bombshell-revelations-in-flynn-case-in-exclusive-interview-with-maria-bartiromo
2024-07-06 19:47:00,917 - DEBUG - Request: 88 for politics/president-trump-discusses-bombshell-revelations-in-flynn-case-in-exclusive-interview-with-maria-bartiromo
2024-07-06 19:47:01,284 - DEBUG - Request: 89 for politics/president-trump-discusses-bombshell-revelations-in-flynn-case-in-exclusive-interview-with-maria-bartiromo
2024-07-06 19:47:01,696 - DEBUG - Request: 90 for politics/president-trump-discusses-bombshell-revelations-in-flynn-case-in-exclusive-interview-with-maria-bartiromo
2024-07-06 19:47:02,138 - DEBUG - Request: 91 for politics/president-trump-discusses-bombshell-revelations-in-flynn-case-in-exclusive-interview-with-maria-bartiromo
2024-07-06 19:47:02,528 - DEBUG - Request: 92 for politics/president-trump-discusses-bombshell-revelations-in-flynn-case-in-exclusive-interview-with-maria-bartiromo
2024-07-06 19:47:02,916 - DEBUG - Request: 93 for politics/president-trump-discusses-bombshell-revelations-in-flynn-case-in-exclusive-interview-with-maria-bartiromo
2024-07-06 19:47:03,414 - DEBUG - Request: 94 for politics/president-trump-discusses-bombshell-revelations-in-flynn-case-in-exclusive-interview-with-maria-bartiromo
2024-07-06 19:47:03,802 - DEBUG - Request: 95 for politics/president-trump-discusses-bombshell-revelations-in-flynn-case-in-exclusive-interview-with-maria-bartiromo
2024-07-06 19:47:04,270 - DEBUG - Request: 96 for politics/president-trump-discusses-bombshell-revelations-in-flynn-case-in-exclusive-interview-with-maria-bartiromo
2024-07-06 19:47:04,666 - DEBUG - Users added: 4545
2024-07-06 19:47:19,840 - INFO - Comments added: 22803
2024-07-06 19:47:19,845 - INFO - Connection closed for politics/president-trump-discusses-bombshell-revelations-in-flynn-case-in-exclusive-interview-with-maria-bartiromo
